<?xml version="1.0" encoding="UTF-8"?>
<!-- Generated by org.testng.reporters.JUnitReportReporter -->
<testsuite hostname="LIPU-PC" failures="0" tests="1" name="testRunnerProject1.TestRunnerProject1" time="19.552" errors="0" timestamp="2023-08-27T22:38:58 EDT" skipped="0">
  <testcase classname="testRunnerProject1.TestRunnerProject1" name="feature" time="19.552"/>
  <system-out/>
</testsuite> <!-- testRunnerProject1.TestRunnerProject1 -->
