<?xml version="1.0" encoding="UTF-8"?>
<!-- Generated by org.testng.reporters.JUnitReportReporter -->
<testsuite hostname="LIPU-PC" failures="0" tests="1" name="testRunnerProject1.TestRunnerProject1" time="30.174" errors="0" timestamp="2023-08-28T21:11:57 EDT" skipped="0">
  <testcase classname="testRunnerProject1.TestRunnerProject1" name="feature" time="30.174"/>
  <system-out/>
</testsuite> <!-- testRunnerProject1.TestRunnerProject1 -->
